2020-03-06T13:21:05+00:00 CRITICAL Uncaught Error: Call to undefined function twentyseventeen_unique_id() in C:\xampp\htdocs\woocommercetheme\wp-content\themes\fancy-lab\searchform.php:13
Stack trace:
#0 C:\xampp\htdocs\woocommercetheme\wp-includes\general-template.php(258): require()
#1 C:\xampp\htdocs\woocommercetheme\wp-content\themes\fancy-lab\header.php(27): get_search_form()
#2 C:\xampp\htdocs\woocommercetheme\wp-includes\template.php(722): require_once('C:\\xampp\\htdocs...')
#3 C:\xampp\htdocs\woocommercetheme\wp-includes\template.php(671): load_template('C:\\xampp\\htdocs...', true)
#4 C:\xampp\htdocs\woocommercetheme\wp-includes\general-template.php(41): locate_template(Array, true)
#5 C:\xampp\htdocs\woocommercetheme\wp-content\themes\fancy-lab\index.php(15): get_header()
#6 C:\xampp\htdocs\woocommercetheme\wp-includes\template-loader.php(98): include('C:\\xampp\\htdocs...')
#7 C:\xampp\htdocs\woocommercetheme\wp-blog-header.php(19): require_once('C:\\xampp\\htdocs...')
#8 C:\xampp\htdocs\woocommercetheme\index.php(17): require('C:\ in C:\xampp\htdocs\woocommercetheme\wp-content\themes\fancy-lab\searchform.php on line 13

2020-03-06T13:21:06+00:00 CRITICAL Uncaught Error: Call to undefined function twentyseventeen_unique_id() in C:\xampp\htdocs\woocommercetheme\wp-content\themes\fancy-lab\searchform.php:13
Stack trace:
#0 C:\xampp\htdocs\woocommercetheme\wp-includes\general-template.php(258): require()
#1 C:\xampp\htdocs\woocommercetheme\wp-content\themes\fancy-lab\header.php(27): get_search_form()
#2 C:\xampp\htdocs\woocommercetheme\wp-includes\template.php(722): require_once('C:\\xampp\\htdocs...')
#3 C:\xampp\htdocs\woocommercetheme\wp-includes\template.php(671): load_template('C:\\xampp\\htdocs...', true)
#4 C:\xampp\htdocs\woocommercetheme\wp-includes\general-template.php(41): locate_template(Array, true)
#5 C:\xampp\htdocs\woocommercetheme\wp-content\themes\fancy-lab\index.php(15): get_header()
#6 C:\xampp\htdocs\woocommercetheme\wp-includes\template-loader.php(98): include('C:\\xampp\\htdocs...')
#7 C:\xampp\htdocs\woocommercetheme\wp-blog-header.php(19): require_once('C:\\xampp\\htdocs...')
#8 C:\xampp\htdocs\woocommercetheme\index.php(17): require('C:\ in C:\xampp\htdocs\woocommercetheme\wp-content\themes\fancy-lab\searchform.php on line 13

2020-03-06T13:22:32+00:00 CRITICAL Uncaught Error: Call to undefined function twentyseventeen_get_svg() in C:\xampp\htdocs\woocommercetheme\wp-content\themes\fancy-lab\searchform.php:15
Stack trace:
#0 C:\xampp\htdocs\woocommercetheme\wp-includes\general-template.php(258): require()
#1 C:\xampp\htdocs\woocommercetheme\wp-content\themes\fancy-lab\header.php(27): get_search_form()
#2 C:\xampp\htdocs\woocommercetheme\wp-includes\template.php(722): require_once('C:\\xampp\\htdocs...')
#3 C:\xampp\htdocs\woocommercetheme\wp-includes\template.php(671): load_template('C:\\xampp\\htdocs...', true)
#4 C:\xampp\htdocs\woocommercetheme\wp-includes\general-template.php(41): locate_template(Array, true)
#5 C:\xampp\htdocs\woocommercetheme\wp-content\themes\fancy-lab\index.php(15): get_header()
#6 C:\xampp\htdocs\woocommercetheme\wp-includes\template-loader.php(98): include('C:\\xampp\\htdocs...')
#7 C:\xampp\htdocs\woocommercetheme\wp-blog-header.php(19): require_once('C:\\xampp\\htdocs...')
#8 C:\xampp\htdocs\woocommercetheme\index.php(17): require('C:\\x in C:\xampp\htdocs\woocommercetheme\wp-content\themes\fancy-lab\searchform.php on line 15

2020-03-06T13:22:33+00:00 CRITICAL Uncaught Error: Call to undefined function twentyseventeen_get_svg() in C:\xampp\htdocs\woocommercetheme\wp-content\themes\fancy-lab\searchform.php:15
Stack trace:
#0 C:\xampp\htdocs\woocommercetheme\wp-includes\general-template.php(258): require()
#1 C:\xampp\htdocs\woocommercetheme\wp-content\themes\fancy-lab\header.php(27): get_search_form()
#2 C:\xampp\htdocs\woocommercetheme\wp-includes\template.php(722): require_once('C:\\xampp\\htdocs...')
#3 C:\xampp\htdocs\woocommercetheme\wp-includes\template.php(671): load_template('C:\\xampp\\htdocs...', true)
#4 C:\xampp\htdocs\woocommercetheme\wp-includes\general-template.php(41): locate_template(Array, true)
#5 C:\xampp\htdocs\woocommercetheme\wp-content\themes\fancy-lab\index.php(15): get_header()
#6 C:\xampp\htdocs\woocommercetheme\wp-includes\template-loader.php(98): include('C:\\xampp\\htdocs...')
#7 C:\xampp\htdocs\woocommercetheme\wp-blog-header.php(19): require_once('C:\\xampp\\htdocs...')
#8 C:\xampp\htdocs\woocommercetheme\index.php(17): require('C:\\x in C:\xampp\htdocs\woocommercetheme\wp-content\themes\fancy-lab\searchform.php on line 15

2020-03-06T13:45:39+00:00 CRITICAL syntax error, unexpected 'endif' (T_ENDIF), expecting end of file in C:\xampp\htdocs\woocommercetheme\wp-content\themes\fancy-lab\searchform.php on line 18

2020-03-06T13:45:41+00:00 CRITICAL syntax error, unexpected 'endif' (T_ENDIF), expecting end of file in C:\xampp\htdocs\woocommercetheme\wp-content\themes\fancy-lab\searchform.php on line 18

2020-03-06T16:47:10+00:00 CRITICAL syntax error, unexpected ':' in C:\xampp\htdocs\woocommercetheme\wp-content\themes\fancy-lab\header.php on line 41

2020-03-06T16:47:46+00:00 CRITICAL syntax error, unexpected 'echo' (T_ECHO) in C:\xampp\htdocs\woocommercetheme\wp-content\themes\fancy-lab\header.php on line 43

2020-03-06T16:48:33+00:00 CRITICAL syntax error, unexpected 'echo' (T_ECHO) in C:\xampp\htdocs\woocommercetheme\wp-content\themes\fancy-lab\header.php on line 46

2020-03-06T19:41:43+00:00 CRITICAL Uncaught ArgumentCountError: Too few arguments to function WP_Customize_Manager::add_section(), 0 passed in C:\xampp\htdocs\woocommercetheme\wp-content\themes\fancy-lab\inc\customizer.php on line 8 and at least 1 expected in C:\xampp\htdocs\woocommercetheme\wp-includes\class-wp-customize-manager.php:3921
Stack trace:
#0 C:\xampp\htdocs\woocommercetheme\wp-content\themes\fancy-lab\inc\customizer.php(8): WP_Customize_Manager->add_section()
#1 C:\xampp\htdocs\woocommercetheme\wp-includes\class-wp-hook.php(288): my_customize_register(Object(WP_Customize_Manager))
#2 C:\xampp\htdocs\woocommercetheme\wp-includes\class-wp-hook.php(312): WP_Hook->apply_filters(NULL, Array)
#3 C:\xampp\htdocs\woocommercetheme\wp-includes\plugin.php(478): WP_Hook->do_action(Array)
#4 C:\xampp\htdocs\woocommercetheme\wp-includes\class-wp-customize-manager.php(928): do_action('customize_regis...', Object(WP_Customize_Manager))
#5 C:\xampp\htdocs\woocommercetheme\wp-includes\class-wp-hook.php(288): WP_Customize_Manager->wp_loaded('')
#6 C in C:\xampp\htdocs\woocommercetheme\wp-includes\class-wp-customize-manager.php on line 3921

2020-03-06T22:19:22+00:00 CRITICAL syntax error, unexpected ')', expecting ';' in C:\xampp\htdocs\woocommercetheme\wp-content\themes\fancy-lab\template-home.php on line 10

2020-03-06T22:20:22+00:00 CRITICAL Uncaught Error: Call to a member function have_posts() on null in C:\xampp\htdocs\woocommercetheme\wp-content\themes\fancy-lab\template-home.php:23
Stack trace:
#0 C:\xampp\htdocs\woocommercetheme\wp-includes\template-loader.php(98): include()
#1 C:\xampp\htdocs\woocommercetheme\wp-blog-header.php(19): require_once('C:\\xampp\\htdocs...')
#2 C:\xampp\htdocs\woocommercetheme\index.php(17): require('C:\\xampp\\htdocs...')
#3 {main}
  thrown in C:\xampp\htdocs\woocommercetheme\wp-content\themes\fancy-lab\template-home.php on line 23

